<?xml version="1.0" encoding="UTF-8"?>
<!-- Generated by org.testng.reporters.JUnitReportReporter -->
<testsuite hostname="DESKTOP-HDNJALD" failures="0" tests="1" name="RestAPITesting.PostMethodTest" time="4.213" errors="0" timestamp="22 Sep 2022 10:56:03 GMT" skipped="0">
  <testcase classname="RestAPITesting.PostMethodTest" name="Post" time="4.213"/>
</testsuite> <!-- RestAPITesting.PostMethodTest -->
