<?xml version="1.0" encoding="UTF-8"?>
<!-- Generated by org.testng.reporters.JUnitReportReporter -->
<testsuite hostname="DESKTOP-HDNJALD" failures="0" tests="1" name="RestAPITesting.GetMethod" time="4.338" errors="0" timestamp="2022-09-22T18:44:53 IST" skipped="0">
  <testcase classname="RestAPITesting.GetMethod" name="PostMethod" time="4.338"/>
  <system-out/>
</testsuite> <!-- RestAPITesting.GetMethod -->
