<?xml version="1.0" encoding="UTF-8"?>
<!-- Generated by org.testng.reporters.JUnitReportReporter -->
<testsuite hostname="DESKTOP-HDNJALD" failures="0" tests="1" name="RestAPITesting.GetResponseBody" time="8.021" errors="0" timestamp="22 Sep 2022 12:20:01 GMT" skipped="0">
  <testcase classname="RestAPITesting.GetResponseBody" name="CheckDeta" time="8.021"/>
</testsuite> <!-- RestAPITesting.GetResponseBody -->
