<?xml version="1.0" encoding="UTF-8"?>
<!-- Generated by org.testng.reporters.JUnitReportReporter -->
<testsuite hostname="DESKTOP-HDNJALD" failures="0" tests="1" name="RestAPITesting.FrameWorkRestAssured" time="5.241" errors="0" timestamp="2022-09-22T18:38:58 IST" skipped="0">
  <testcase classname="RestAPITesting.FrameWorkRestAssured" name="TestCaseOne" time="5.241"/>
  <system-out/>
</testsuite> <!-- RestAPITesting.FrameWorkRestAssured -->
