<?xml version="1.0" encoding="UTF-8"?>
<!-- Generated by org.testng.reporters.JUnitReportReporter -->
<testsuite hostname="DESKTOP-HDNJALD" failures="0" tests="2" name="TestVagrant.FoureForPlyaers" time="9.670" errors="0" timestamp="22 Sep 2022 11:41:01 GMT" skipped="0">
  <testcase classname="TestVagrant.FoureForPlyaers" name="FourPlayers" time="9.205"/>
  <testcase classname="TestVagrant.FoureForPlyaers" name="Wicketkeeper" time="0.465"/>
</testsuite> <!-- TestVagrant.FoureForPlyaers -->
