<?xml version="1.0" encoding="UTF-8"?>
<!-- Generated by org.testng.reporters.JUnitReportReporter -->
<testsuite hostname="DESKTOP-HDNJALD" failures="0" tests="3" name="TestVagrant.FoureAndWicketKeeper" time="6.829" errors="0" timestamp="2022-09-22T18:37:21 IST" skipped="0">
  <testcase classname="TestVagrant.FoureAndWicketKeeper" name="FourPlayers" time="0.551"/>
  <system-out/>
  <testcase classname="TestVagrant.FoureAndWicketKeeper" name="Wicketkeeper" time="0.372"/>
  <system-out/>
  <testcase classname="TestVagrant.FoureAndWicketKeeper" name="AllRounder" time="5.906"/>
  <system-out/>
</testsuite> <!-- TestVagrant.FoureAndWicketKeeper -->
